==================================================
Begin: 2020-04-18 03:40:04
The user: juan.ojeda@bancard.com.py
Disabled the products of: Personal
==================================================
Begin: 2020-04-18 03:42:27
The user: juan.ojeda@bancard.com.py
Disabled the products of: ANDE
==================================================
Begin: 2020-04-18 03:43:26
The user: juan.ojeda@bancard.com.py
Disabled the products of: ANDE
==================================================
Begin: 2020-04-18 03:44:01
The user: juan.ojeda@bancard.com.py
Disabled the products of: ANDE
==================================================
Begin: 2020-04-18 03:44:54
The user: juan.ojeda@bancard.com.py
Disabled the products of: ANDE
==================================================
Begin: 2020-04-18 03:45:56
The user: juan.ojeda@bancard.com.py
Disabled the products of: ANDE
End: 2020-04-18 03:46:03
